<?xml version="1.0" encoding="UTF-8"?>
<!-- Generated by org.testng.reporters.JUnitReportReporter -->
<testsuite hostname="PRASAD" failures="0" tests="1" name="Runners.TestRunner" time="6.841" errors="0" timestamp="2023-01-11T19:15:35 IST" skipped="0">
  <testcase classname="Runners.TestRunner" name="runScenario" time="6.841"/>
  <system-out/>
</testsuite> <!-- Runners.TestRunner -->
