<?xml version="1.0" encoding="UTF-8"?>
<!-- Generated by org.testng.reporters.JUnitReportReporter -->
<testsuite hostname="PRASAD" failures="0" tests="2" name="Runners.TestRunner" time="16.890" errors="0" timestamp="2023-01-12T13:38:56 IST" skipped="0">
  <testcase classname="Runners.TestRunner" name="runScenario" time="9.529"/>
  <system-out/>
  <testcase classname="Runners.TestRunner" name="runScenario" time="7.361"/>
  <system-out/>
</testsuite> <!-- Runners.TestRunner -->
