<?xml version="1.0" encoding="UTF-8"?>
<!-- Generated by org.testng.reporters.JUnitReportReporter -->
<testsuite hostname="PRASAD" failures="0" tests="1" name="Runners.TestRunner" time="9.063" errors="0" timestamp="2023-01-11T21:31:40 IST" skipped="0">
  <testcase classname="Runners.TestRunner" name="runScenario" time="9.063"/>
  <system-out/>
</testsuite> <!-- Runners.TestRunner -->
